[1.209s] DEBUG:colcon:Command line arguments: ['/usr/bin/colcon', 'list', '-p', '--base-paths', '/home/UNT/md0708/ROS_DDS_Monitor']
[1.209s] DEBUG:colcon:Parsed command line arguments: Namespace(log_base=None, log_level=None, verb_name='list', build_base='build', ignore_user_meta=False, metas=['./colcon.meta'], base_paths=['/home/UNT/md0708/ROS_DDS_Monitor'], packages_ignore=None, packages_ignore_regex=None, paths=None, packages_up_to=None, packages_up_to_regex=None, packages_above=None, packages_above_and_dependencies=None, packages_above_depth=None, packages_select_by_dep=None, packages_skip_by_dep=None, packages_skip_up_to=None, packages_select_build_failed=False, packages_skip_build_finished=False, packages_select_test_failures=False, packages_skip_test_passed=False, packages_select=None, packages_skip=None, packages_select_regex=None, packages_skip_regex=None, packages_start=None, packages_end=None, allow_overriding=[], topological_order=False, names_only=False, paths_only=True, topological_graph=False, topological_graph_dot=False, topological_graph_density=False, topological_graph_legend=False, topological_graph_dot_cluster=False, topological_graph_dot_include_skipped=False, verb_parser=<colcon_defaults.argument_parser.defaults.DefaultArgumentsDecorator object at 0x7f2bc83a0370>, verb_extension=<colcon_package_information.verb.list.ListVerb object at 0x7f2bc8687610>, main=<bound method ListVerb.main of <colcon_package_information.verb.list.ListVerb object at 0x7f2bc8687610>>)
[1.285s] Level 1:colcon.colcon_core.package_discovery:discover_packages(colcon_meta) check parameters
[1.285s] Level 1:colcon.colcon_core.package_discovery:discover_packages(recursive) check parameters
[1.285s] Level 1:colcon.colcon_core.package_discovery:discover_packages(ignore) check parameters
[1.285s] Level 1:colcon.colcon_core.package_discovery:discover_packages(path) check parameters
[1.286s] Level 1:colcon.colcon_core.package_discovery:discover_packages(recursive) discover
[1.286s] INFO:colcon.colcon_core.package_discovery:Crawling recursively for packages in '/home/UNT/md0708/ROS_DDS_Monitor'
[1.286s] Level 1:colcon.colcon_core.package_identification:_identify(/home/UNT/md0708/ROS_DDS_Monitor) by extensions ['ignore', 'ignore_ament_install']
[1.286s] Level 1:colcon.colcon_core.package_identification:_identify(/home/UNT/md0708/ROS_DDS_Monitor) by extension 'ignore'
[1.286s] Level 1:colcon.colcon_core.package_identification:_identify(/home/UNT/md0708/ROS_DDS_Monitor) by extension 'ignore_ament_install'
[1.286s] Level 1:colcon.colcon_core.package_identification:_identify(/home/UNT/md0708/ROS_DDS_Monitor) by extensions ['colcon_pkg']
[1.286s] Level 1:colcon.colcon_core.package_identification:_identify(/home/UNT/md0708/ROS_DDS_Monitor) by extension 'colcon_pkg'
[1.286s] Level 1:colcon.colcon_core.package_identification:_identify(/home/UNT/md0708/ROS_DDS_Monitor) by extensions ['colcon_meta']
[1.286s] Level 1:colcon.colcon_core.package_identification:_identify(/home/UNT/md0708/ROS_DDS_Monitor) by extension 'colcon_meta'
[1.286s] Level 1:colcon.colcon_core.package_identification:_identify(/home/UNT/md0708/ROS_DDS_Monitor) by extensions ['ros']
[1.286s] Level 1:colcon.colcon_core.package_identification:_identify(/home/UNT/md0708/ROS_DDS_Monitor) by extension 'ros'
[1.302s] Level 1:colcon.colcon_core.package_identification:_identify(/home/UNT/md0708/ROS_DDS_Monitor) by extensions ['cmake', 'python']
[1.302s] Level 1:colcon.colcon_core.package_identification:_identify(/home/UNT/md0708/ROS_DDS_Monitor) by extension 'cmake'
[1.302s] Level 1:colcon.colcon_core.package_identification:_identify(/home/UNT/md0708/ROS_DDS_Monitor) by extension 'python'
[1.302s] Level 1:colcon.colcon_core.package_identification:_identify(/home/UNT/md0708/ROS_DDS_Monitor) by extensions ['python_setup_py']
[1.302s] Level 1:colcon.colcon_core.package_identification:_identify(/home/UNT/md0708/ROS_DDS_Monitor) by extension 'python_setup_py'
[1.303s] Level 1:colcon.colcon_core.package_identification:_identify(/home/UNT/md0708/ROS_DDS_Monitor/build) by extensions ['ignore', 'ignore_ament_install']
[1.303s] Level 1:colcon.colcon_core.package_identification:_identify(/home/UNT/md0708/ROS_DDS_Monitor/build) by extension 'ignore'
[1.303s] Level 1:colcon.colcon_core.package_identification:_identify(/home/UNT/md0708/ROS_DDS_Monitor/build) ignored
[1.303s] Level 1:colcon.colcon_core.package_identification:_identify(/home/UNT/md0708/ROS_DDS_Monitor/install) by extensions ['ignore', 'ignore_ament_install']
[1.303s] Level 1:colcon.colcon_core.package_identification:_identify(/home/UNT/md0708/ROS_DDS_Monitor/install) by extension 'ignore'
[1.303s] Level 1:colcon.colcon_core.package_identification:_identify(/home/UNT/md0708/ROS_DDS_Monitor/install) ignored
[1.303s] Level 1:colcon.colcon_core.package_identification:_identify(/home/UNT/md0708/ROS_DDS_Monitor/log) by extensions ['ignore', 'ignore_ament_install']
[1.303s] Level 1:colcon.colcon_core.package_identification:_identify(/home/UNT/md0708/ROS_DDS_Monitor/log) by extension 'ignore'
[1.304s] Level 1:colcon.colcon_core.package_identification:_identify(/home/UNT/md0708/ROS_DDS_Monitor/log) ignored
[1.304s] Level 1:colcon.colcon_core.package_identification:_identify(/home/UNT/md0708/ROS_DDS_Monitor/src) by extensions ['ignore', 'ignore_ament_install']
[1.304s] Level 1:colcon.colcon_core.package_identification:_identify(/home/UNT/md0708/ROS_DDS_Monitor/src) by extension 'ignore'
[1.304s] Level 1:colcon.colcon_core.package_identification:_identify(/home/UNT/md0708/ROS_DDS_Monitor/src) by extension 'ignore_ament_install'
[1.304s] Level 1:colcon.colcon_core.package_identification:_identify(/home/UNT/md0708/ROS_DDS_Monitor/src) by extensions ['colcon_pkg']
[1.304s] Level 1:colcon.colcon_core.package_identification:_identify(/home/UNT/md0708/ROS_DDS_Monitor/src) by extension 'colcon_pkg'
[1.304s] Level 1:colcon.colcon_core.package_identification:_identify(/home/UNT/md0708/ROS_DDS_Monitor/src) by extensions ['colcon_meta']
[1.304s] Level 1:colcon.colcon_core.package_identification:_identify(/home/UNT/md0708/ROS_DDS_Monitor/src) by extension 'colcon_meta'
[1.304s] Level 1:colcon.colcon_core.package_identification:_identify(/home/UNT/md0708/ROS_DDS_Monitor/src) by extensions ['ros']
[1.304s] Level 1:colcon.colcon_core.package_identification:_identify(/home/UNT/md0708/ROS_DDS_Monitor/src) by extension 'ros'
[1.304s] Level 1:colcon.colcon_core.package_identification:_identify(/home/UNT/md0708/ROS_DDS_Monitor/src) by extensions ['cmake', 'python']
[1.304s] Level 1:colcon.colcon_core.package_identification:_identify(/home/UNT/md0708/ROS_DDS_Monitor/src) by extension 'cmake'
[1.304s] Level 1:colcon.colcon_core.package_identification:_identify(/home/UNT/md0708/ROS_DDS_Monitor/src) by extension 'python'
[1.305s] Level 1:colcon.colcon_core.package_identification:_identify(/home/UNT/md0708/ROS_DDS_Monitor/src) by extensions ['python_setup_py']
[1.305s] Level 1:colcon.colcon_core.package_identification:_identify(/home/UNT/md0708/ROS_DDS_Monitor/src) by extension 'python_setup_py'
[1.305s] Level 1:colcon.colcon_core.package_identification:_identify(/home/UNT/md0708/ROS_DDS_Monitor/src/ros_dds_monitor) by extensions ['ignore', 'ignore_ament_install']
[1.305s] Level 1:colcon.colcon_core.package_identification:_identify(/home/UNT/md0708/ROS_DDS_Monitor/src/ros_dds_monitor) by extension 'ignore'
[1.305s] Level 1:colcon.colcon_core.package_identification:_identify(/home/UNT/md0708/ROS_DDS_Monitor/src/ros_dds_monitor) by extension 'ignore_ament_install'
[1.305s] Level 1:colcon.colcon_core.package_identification:_identify(/home/UNT/md0708/ROS_DDS_Monitor/src/ros_dds_monitor) by extensions ['colcon_pkg']
[1.305s] Level 1:colcon.colcon_core.package_identification:_identify(/home/UNT/md0708/ROS_DDS_Monitor/src/ros_dds_monitor) by extension 'colcon_pkg'
[1.305s] Level 1:colcon.colcon_core.package_identification:_identify(/home/UNT/md0708/ROS_DDS_Monitor/src/ros_dds_monitor) by extensions ['colcon_meta']
[1.305s] Level 1:colcon.colcon_core.package_identification:_identify(/home/UNT/md0708/ROS_DDS_Monitor/src/ros_dds_monitor) by extension 'colcon_meta'
[1.305s] Level 1:colcon.colcon_core.package_identification:_identify(/home/UNT/md0708/ROS_DDS_Monitor/src/ros_dds_monitor) by extensions ['ros']
[1.305s] Level 1:colcon.colcon_core.package_identification:_identify(/home/UNT/md0708/ROS_DDS_Monitor/src/ros_dds_monitor) by extension 'ros'
[1.309s] DEBUG:colcon.colcon_core.package_identification:Package '/home/UNT/md0708/ROS_DDS_Monitor/src/ros_dds_monitor' with type 'ros.ament_python' and name 'ros_dds_monitor'
[1.309s] Level 1:colcon.colcon_core.package_discovery:discover_packages(recursive) using defaults
