running egg_info
creating ../../build/ros_dds_monitor/ros_dds_monitor.egg-info
writing ../../build/ros_dds_monitor/ros_dds_monitor.egg-info/PKG-INFO
writing dependency_links to ../../build/ros_dds_monitor/ros_dds_monitor.egg-info/dependency_links.txt
writing entry points to ../../build/ros_dds_monitor/ros_dds_monitor.egg-info/entry_points.txt
writing requirements to ../../build/ros_dds_monitor/ros_dds_monitor.egg-info/requires.txt
writing top-level names to ../../build/ros_dds_monitor/ros_dds_monitor.egg-info/top_level.txt
writing manifest file '../../build/ros_dds_monitor/ros_dds_monitor.egg-info/SOURCES.txt'
reading manifest file '../../build/ros_dds_monitor/ros_dds_monitor.egg-info/SOURCES.txt'
writing manifest file '../../build/ros_dds_monitor/ros_dds_monitor.egg-info/SOURCES.txt'
running build
running build_py
creating /home/UNT/md0708/ROS_DDS_Monitor/build/ros_dds_monitor/build
creating /home/UNT/md0708/ROS_DDS_Monitor/build/ros_dds_monitor/build/lib
creating /home/UNT/md0708/ROS_DDS_Monitor/build/ros_dds_monitor/build/lib/ros_dds_monitor
copying ros_dds_monitor/__init__.py -> /home/UNT/md0708/ROS_DDS_Monitor/build/ros_dds_monitor/build/lib/ros_dds_monitor
running install
/usr/lib/python3/dist-packages/setuptools/command/install.py:34: SetuptoolsDeprecationWarning: setup.py install is deprecated. Use build and pip and other standards-based tools.
  warnings.warn(
running install_lib
creating /home/UNT/md0708/ROS_DDS_Monitor/install/ros_dds_monitor/lib/python3.10/site-packages/ros_dds_monitor
copying /home/UNT/md0708/ROS_DDS_Monitor/build/ros_dds_monitor/build/lib/ros_dds_monitor/__init__.py -> /home/UNT/md0708/ROS_DDS_Monitor/install/ros_dds_monitor/lib/python3.10/site-packages/ros_dds_monitor
byte-compiling /home/UNT/md0708/ROS_DDS_Monitor/install/ros_dds_monitor/lib/python3.10/site-packages/ros_dds_monitor/__init__.py to __init__.cpython-310.pyc
running install_data
creating /home/UNT/md0708/ROS_DDS_Monitor/install/ros_dds_monitor/share/ament_index
creating /home/UNT/md0708/ROS_DDS_Monitor/install/ros_dds_monitor/share/ament_index/resource_index
creating /home/UNT/md0708/ROS_DDS_Monitor/install/ros_dds_monitor/share/ament_index/resource_index/packages
copying resource/ros_dds_monitor -> /home/UNT/md0708/ROS_DDS_Monitor/install/ros_dds_monitor/share/ament_index/resource_index/packages
copying package.xml -> /home/UNT/md0708/ROS_DDS_Monitor/install/ros_dds_monitor/share/ros_dds_monitor
running install_egg_info
Copying ../../build/ros_dds_monitor/ros_dds_monitor.egg-info to /home/UNT/md0708/ROS_DDS_Monitor/install/ros_dds_monitor/lib/python3.10/site-packages/ros_dds_monitor-0.0.0-py3.10.egg-info
running install_scripts
writing list of installed files to '/home/UNT/md0708/ROS_DDS_Monitor/build/ros_dds_monitor/install.log'
