[1.049s] Invoking command in '/home/UNT/md0708/ROS_DDS_Monitor/src/ros_dds_monitor': PYTHONPATH=/home/UNT/md0708/ROS_DDS_Monitor/build/ros_dds_monitor/prefix_override:/home/UNT/md0708/ROS_DDS_Monitor/install/ros_dds_monitor/lib/python3.10/site-packages:${PYTHONPATH} /usr/bin/python3 setup.py egg_info --egg-base ../../build/ros_dds_monitor build --build-base /home/UNT/md0708/ROS_DDS_Monitor/build/ros_dds_monitor/build install --record /home/UNT/md0708/ROS_DDS_Monitor/build/ros_dds_monitor/install.log --single-version-externally-managed
[1.388s] running egg_info
[1.388s] creating ../../build/ros_dds_monitor/ros_dds_monitor.egg-info
[1.388s] writing ../../build/ros_dds_monitor/ros_dds_monitor.egg-info/PKG-INFO
[1.389s] writing dependency_links to ../../build/ros_dds_monitor/ros_dds_monitor.egg-info/dependency_links.txt
[1.389s] writing entry points to ../../build/ros_dds_monitor/ros_dds_monitor.egg-info/entry_points.txt
[1.389s] writing requirements to ../../build/ros_dds_monitor/ros_dds_monitor.egg-info/requires.txt
[1.389s] writing top-level names to ../../build/ros_dds_monitor/ros_dds_monitor.egg-info/top_level.txt
[1.389s] writing manifest file '../../build/ros_dds_monitor/ros_dds_monitor.egg-info/SOURCES.txt'
[1.391s] reading manifest file '../../build/ros_dds_monitor/ros_dds_monitor.egg-info/SOURCES.txt'
[1.393s] writing manifest file '../../build/ros_dds_monitor/ros_dds_monitor.egg-info/SOURCES.txt'
[1.393s] running build
[1.393s] running build_py
[1.394s] creating /home/UNT/md0708/ROS_DDS_Monitor/build/ros_dds_monitor/build
[1.394s] creating /home/UNT/md0708/ROS_DDS_Monitor/build/ros_dds_monitor/build/lib
[1.394s] creating /home/UNT/md0708/ROS_DDS_Monitor/build/ros_dds_monitor/build/lib/ros_dds_monitor
[1.394s] copying ros_dds_monitor/__init__.py -> /home/UNT/md0708/ROS_DDS_Monitor/build/ros_dds_monitor/build/lib/ros_dds_monitor
[1.394s] running install
[1.394s] /usr/lib/python3/dist-packages/setuptools/command/install.py:34: SetuptoolsDeprecationWarning: setup.py install is deprecated. Use build and pip and other standards-based tools.
[1.394s]   warnings.warn(
[1.394s] running install_lib
[1.395s] creating /home/UNT/md0708/ROS_DDS_Monitor/install/ros_dds_monitor/lib/python3.10/site-packages/ros_dds_monitor
[1.395s] copying /home/UNT/md0708/ROS_DDS_Monitor/build/ros_dds_monitor/build/lib/ros_dds_monitor/__init__.py -> /home/UNT/md0708/ROS_DDS_Monitor/install/ros_dds_monitor/lib/python3.10/site-packages/ros_dds_monitor
[1.396s] byte-compiling /home/UNT/md0708/ROS_DDS_Monitor/install/ros_dds_monitor/lib/python3.10/site-packages/ros_dds_monitor/__init__.py to __init__.cpython-310.pyc
[1.396s] running install_data
[1.397s] creating /home/UNT/md0708/ROS_DDS_Monitor/install/ros_dds_monitor/share/ament_index
[1.397s] creating /home/UNT/md0708/ROS_DDS_Monitor/install/ros_dds_monitor/share/ament_index/resource_index
[1.397s] creating /home/UNT/md0708/ROS_DDS_Monitor/install/ros_dds_monitor/share/ament_index/resource_index/packages
[1.397s] copying resource/ros_dds_monitor -> /home/UNT/md0708/ROS_DDS_Monitor/install/ros_dds_monitor/share/ament_index/resource_index/packages
[1.397s] copying package.xml -> /home/UNT/md0708/ROS_DDS_Monitor/install/ros_dds_monitor/share/ros_dds_monitor
[1.397s] running install_egg_info
[1.399s] Copying ../../build/ros_dds_monitor/ros_dds_monitor.egg-info to /home/UNT/md0708/ROS_DDS_Monitor/install/ros_dds_monitor/lib/python3.10/site-packages/ros_dds_monitor-0.0.0-py3.10.egg-info
[1.400s] running install_scripts
[1.427s] writing list of installed files to '/home/UNT/md0708/ROS_DDS_Monitor/build/ros_dds_monitor/install.log'
[1.453s] Invoked command in '/home/UNT/md0708/ROS_DDS_Monitor/src/ros_dds_monitor' returned '0': PYTHONPATH=/home/UNT/md0708/ROS_DDS_Monitor/build/ros_dds_monitor/prefix_override:/home/UNT/md0708/ROS_DDS_Monitor/install/ros_dds_monitor/lib/python3.10/site-packages:${PYTHONPATH} /usr/bin/python3 setup.py egg_info --egg-base ../../build/ros_dds_monitor build --build-base /home/UNT/md0708/ROS_DDS_Monitor/build/ros_dds_monitor/build install --record /home/UNT/md0708/ROS_DDS_Monitor/build/ros_dds_monitor/install.log --single-version-externally-managed
