[0.722s] DEBUG:colcon:Command line arguments: ['/usr/bin/colcon', 'build']
[0.722s] DEBUG:colcon:Parsed command line arguments: Namespace(log_base=None, log_level=None, verb_name='build', build_base='build', install_base='install', merge_install=False, symlink_install=False, test_result_base=None, continue_on_error=False, executor='parallel', parallel_workers=24, event_handlers=None, ignore_user_meta=False, metas=['./colcon.meta'], base_paths=['.'], packages_ignore=None, packages_ignore_regex=None, paths=None, packages_up_to=None, packages_up_to_regex=None, packages_above=None, packages_above_and_dependencies=None, packages_above_depth=None, packages_select_by_dep=None, packages_skip_by_dep=None, packages_skip_up_to=None, packages_select_build_failed=False, packages_skip_build_finished=False, packages_select_test_failures=False, packages_skip_test_passed=False, packages_select=None, packages_skip=None, packages_select_regex=None, packages_skip_regex=None, packages_start=None, packages_end=None, allow_overriding=[], cmake_args=None, cmake_target=None, cmake_target_skip_unavailable=False, cmake_clean_cache=False, cmake_clean_first=False, cmake_force_configure=False, ament_cmake_args=None, catkin_cmake_args=None, catkin_skip_building_tests=False, verb_parser=<colcon_defaults.argument_parser.defaults.DefaultArgumentsDecorator object at 0x7f5e06385570>, verb_extension=<colcon_core.verb.build.BuildVerb object at 0x7f5e067f9480>, main=<bound method BuildVerb.main of <colcon_core.verb.build.BuildVerb object at 0x7f5e067f9480>>)
[0.757s] Level 1:colcon.colcon_core.package_discovery:discover_packages(colcon_meta) check parameters
[0.757s] Level 1:colcon.colcon_core.package_discovery:discover_packages(recursive) check parameters
[0.757s] Level 1:colcon.colcon_core.package_discovery:discover_packages(ignore) check parameters
[0.757s] Level 1:colcon.colcon_core.package_discovery:discover_packages(path) check parameters
[0.757s] Level 1:colcon.colcon_core.package_discovery:discover_packages(colcon_meta) discover
[0.757s] Level 1:colcon.colcon_core.package_discovery:discover_packages(recursive) discover
[0.757s] INFO:colcon.colcon_core.package_discovery:Crawling recursively for packages in '/home/UNT/md0708/ROS_DDS_Monitor'
[0.757s] Level 1:colcon.colcon_core.package_identification:_identify(.) by extensions ['ignore', 'ignore_ament_install']
[0.757s] Level 1:colcon.colcon_core.package_identification:_identify(.) by extension 'ignore'
[0.757s] Level 1:colcon.colcon_core.package_identification:_identify(.) by extension 'ignore_ament_install'
[0.757s] Level 1:colcon.colcon_core.package_identification:_identify(.) by extensions ['colcon_pkg']
[0.757s] Level 1:colcon.colcon_core.package_identification:_identify(.) by extension 'colcon_pkg'
[0.757s] Level 1:colcon.colcon_core.package_identification:_identify(.) by extensions ['colcon_meta']
[0.757s] Level 1:colcon.colcon_core.package_identification:_identify(.) by extension 'colcon_meta'
[0.757s] Level 1:colcon.colcon_core.package_identification:_identify(.) by extensions ['ros']
[0.757s] Level 1:colcon.colcon_core.package_identification:_identify(.) by extension 'ros'
[0.766s] Level 1:colcon.colcon_core.package_identification:_identify(.) by extensions ['cmake', 'python']
[0.766s] Level 1:colcon.colcon_core.package_identification:_identify(.) by extension 'cmake'
[0.766s] Level 1:colcon.colcon_core.package_identification:_identify(.) by extension 'python'
[0.766s] Level 1:colcon.colcon_core.package_identification:_identify(.) by extensions ['python_setup_py']
[0.766s] Level 1:colcon.colcon_core.package_identification:_identify(.) by extension 'python_setup_py'
[0.766s] Level 1:colcon.colcon_core.package_identification:_identify(build) by extensions ['ignore', 'ignore_ament_install']
[0.766s] Level 1:colcon.colcon_core.package_identification:_identify(build) by extension 'ignore'
[0.766s] Level 1:colcon.colcon_core.package_identification:_identify(build) ignored
[0.766s] Level 1:colcon.colcon_core.package_identification:_identify(install) by extensions ['ignore', 'ignore_ament_install']
[0.766s] Level 1:colcon.colcon_core.package_identification:_identify(install) by extension 'ignore'
[0.767s] Level 1:colcon.colcon_core.package_identification:_identify(install) ignored
[0.767s] Level 1:colcon.colcon_core.package_identification:_identify(log) by extensions ['ignore', 'ignore_ament_install']
[0.767s] Level 1:colcon.colcon_core.package_identification:_identify(log) by extension 'ignore'
[0.767s] Level 1:colcon.colcon_core.package_identification:_identify(log) ignored
[0.767s] Level 1:colcon.colcon_core.package_identification:_identify(src) by extensions ['ignore', 'ignore_ament_install']
[0.767s] Level 1:colcon.colcon_core.package_identification:_identify(src) by extension 'ignore'
[0.767s] Level 1:colcon.colcon_core.package_identification:_identify(src) by extension 'ignore_ament_install'
[0.767s] Level 1:colcon.colcon_core.package_identification:_identify(src) by extensions ['colcon_pkg']
[0.767s] Level 1:colcon.colcon_core.package_identification:_identify(src) by extension 'colcon_pkg'
[0.767s] Level 1:colcon.colcon_core.package_identification:_identify(src) by extensions ['colcon_meta']
[0.767s] Level 1:colcon.colcon_core.package_identification:_identify(src) by extension 'colcon_meta'
[0.767s] Level 1:colcon.colcon_core.package_identification:_identify(src) by extensions ['ros']
[0.767s] Level 1:colcon.colcon_core.package_identification:_identify(src) by extension 'ros'
[0.767s] Level 1:colcon.colcon_core.package_identification:_identify(src) by extensions ['cmake', 'python']
[0.767s] Level 1:colcon.colcon_core.package_identification:_identify(src) by extension 'cmake'
[0.767s] Level 1:colcon.colcon_core.package_identification:_identify(src) by extension 'python'
[0.767s] Level 1:colcon.colcon_core.package_identification:_identify(src) by extensions ['python_setup_py']
[0.767s] Level 1:colcon.colcon_core.package_identification:_identify(src) by extension 'python_setup_py'
[0.767s] Level 1:colcon.colcon_core.package_identification:_identify(src/ros_dds_monitor) by extensions ['ignore', 'ignore_ament_install']
[0.767s] Level 1:colcon.colcon_core.package_identification:_identify(src/ros_dds_monitor) by extension 'ignore'
[0.767s] Level 1:colcon.colcon_core.package_identification:_identify(src/ros_dds_monitor) by extension 'ignore_ament_install'
[0.767s] Level 1:colcon.colcon_core.package_identification:_identify(src/ros_dds_monitor) by extensions ['colcon_pkg']
[0.767s] Level 1:colcon.colcon_core.package_identification:_identify(src/ros_dds_monitor) by extension 'colcon_pkg'
[0.767s] Level 1:colcon.colcon_core.package_identification:_identify(src/ros_dds_monitor) by extensions ['colcon_meta']
[0.767s] Level 1:colcon.colcon_core.package_identification:_identify(src/ros_dds_monitor) by extension 'colcon_meta'
[0.767s] Level 1:colcon.colcon_core.package_identification:_identify(src/ros_dds_monitor) by extensions ['ros']
[0.767s] Level 1:colcon.colcon_core.package_identification:_identify(src/ros_dds_monitor) by extension 'ros'
[0.769s] DEBUG:colcon.colcon_core.package_identification:Package 'src/ros_dds_monitor' with type 'ros.ament_python' and name 'ros_dds_monitor'
[0.769s] Level 1:colcon.colcon_core.package_discovery:discover_packages(recursive) using defaults
[0.769s] Level 1:colcon.colcon_core.package_discovery:discover_packages(ignore) discover
[0.769s] Level 1:colcon.colcon_core.package_discovery:discover_packages(ignore) using defaults
[0.769s] Level 1:colcon.colcon_core.package_discovery:discover_packages(path) discover
[0.769s] Level 1:colcon.colcon_core.package_discovery:discover_packages(path) using defaults
[0.836s] Level 1:colcon.colcon_core.package_discovery:discover_packages(prefix_path) check parameters
[0.836s] Level 1:colcon.colcon_core.package_discovery:discover_packages(prefix_path) discover
[0.867s] DEBUG:colcon.colcon_installed_package_information.package_discovery:Found 303 installed packages in /opt/ros/humble
[0.868s] Level 1:colcon.colcon_core.package_discovery:discover_packages(prefix_path) using defaults
[0.944s] Level 5:colcon.colcon_core.verb:set package 'ros_dds_monitor' build argument 'cmake_args' from command line to 'None'
[0.944s] Level 5:colcon.colcon_core.verb:set package 'ros_dds_monitor' build argument 'cmake_target' from command line to 'None'
[0.944s] Level 5:colcon.colcon_core.verb:set package 'ros_dds_monitor' build argument 'cmake_target_skip_unavailable' from command line to 'False'
[0.944s] Level 5:colcon.colcon_core.verb:set package 'ros_dds_monitor' build argument 'cmake_clean_cache' from command line to 'False'
[0.944s] Level 5:colcon.colcon_core.verb:set package 'ros_dds_monitor' build argument 'cmake_clean_first' from command line to 'False'
[0.944s] Level 5:colcon.colcon_core.verb:set package 'ros_dds_monitor' build argument 'cmake_force_configure' from command line to 'False'
[0.944s] Level 5:colcon.colcon_core.verb:set package 'ros_dds_monitor' build argument 'ament_cmake_args' from command line to 'None'
[0.944s] Level 5:colcon.colcon_core.verb:set package 'ros_dds_monitor' build argument 'catkin_cmake_args' from command line to 'None'
[0.944s] Level 5:colcon.colcon_core.verb:set package 'ros_dds_monitor' build argument 'catkin_skip_building_tests' from command line to 'False'
[0.944s] DEBUG:colcon.colcon_core.verb:Building package 'ros_dds_monitor' with the following arguments: {'ament_cmake_args': None, 'build_base': '/home/UNT/md0708/ROS_DDS_Monitor/build/ros_dds_monitor', 'catkin_cmake_args': None, 'catkin_skip_building_tests': False, 'cmake_args': None, 'cmake_clean_cache': False, 'cmake_clean_first': False, 'cmake_force_configure': False, 'cmake_target': None, 'cmake_target_skip_unavailable': False, 'install_base': '/home/UNT/md0708/ROS_DDS_Monitor/install/ros_dds_monitor', 'merge_install': False, 'path': '/home/UNT/md0708/ROS_DDS_Monitor/src/ros_dds_monitor', 'symlink_install': False, 'test_result_base': None}
[0.954s] INFO:colcon.colcon_core.executor:Executing jobs using 'parallel' executor
[0.965s] DEBUG:colcon.colcon_parallel_executor.executor.parallel:run_until_complete
[0.966s] INFO:colcon.colcon_ros.task.ament_python.build:Building ROS package in '/home/UNT/md0708/ROS_DDS_Monitor/src/ros_dds_monitor' with build type 'ament_python'
[0.966s] Level 1:colcon.colcon_core.shell:create_environment_hook('ros_dds_monitor', 'ament_prefix_path')
[0.978s] INFO:colcon.colcon_core.plugin_system:Skipping extension 'colcon_core.shell.bat': Not used on non-Windows systems
[0.978s] INFO:colcon.colcon_core.shell:Creating environment hook '/home/UNT/md0708/ROS_DDS_Monitor/install/ros_dds_monitor/share/ros_dds_monitor/hook/ament_prefix_path.ps1'
[0.979s] INFO:colcon.colcon_core.shell:Creating environment descriptor '/home/UNT/md0708/ROS_DDS_Monitor/install/ros_dds_monitor/share/ros_dds_monitor/hook/ament_prefix_path.dsv'
[0.979s] INFO:colcon.colcon_core.shell:Creating environment hook '/home/UNT/md0708/ROS_DDS_Monitor/install/ros_dds_monitor/share/ros_dds_monitor/hook/ament_prefix_path.sh'
[0.990s] INFO:colcon.colcon_core.shell:Skip shell extension 'powershell' for command environment: Not usable outside of PowerShell
[0.990s] DEBUG:colcon.colcon_core.shell:Skip shell extension 'dsv' for command environment
[1.373s] INFO:colcon.colcon_core.task.python.build:Building Python package in '/home/UNT/md0708/ROS_DDS_Monitor/src/ros_dds_monitor'
[1.383s] INFO:colcon.colcon_core.shell:Skip shell extension 'powershell' for command environment: Not usable outside of PowerShell
[1.383s] DEBUG:colcon.colcon_core.shell:Skip shell extension 'dsv' for command environment
[2.015s] DEBUG:colcon.colcon_core.event_handler.log_command:Invoking command in '/home/UNT/md0708/ROS_DDS_Monitor/src/ros_dds_monitor': PYTHONPATH=/home/UNT/md0708/ROS_DDS_Monitor/build/ros_dds_monitor/prefix_override:/home/UNT/md0708/ROS_DDS_Monitor/install/ros_dds_monitor/lib/python3.10/site-packages:${PYTHONPATH} /usr/bin/python3 setup.py egg_info --egg-base ../../build/ros_dds_monitor build --build-base /home/UNT/md0708/ROS_DDS_Monitor/build/ros_dds_monitor/build install --record /home/UNT/md0708/ROS_DDS_Monitor/build/ros_dds_monitor/install.log --single-version-externally-managed
[2.420s] DEBUG:colcon.colcon_core.event_handler.log_command:Invoked command in '/home/UNT/md0708/ROS_DDS_Monitor/src/ros_dds_monitor' returned '0': PYTHONPATH=/home/UNT/md0708/ROS_DDS_Monitor/build/ros_dds_monitor/prefix_override:/home/UNT/md0708/ROS_DDS_Monitor/install/ros_dds_monitor/lib/python3.10/site-packages:${PYTHONPATH} /usr/bin/python3 setup.py egg_info --egg-base ../../build/ros_dds_monitor build --build-base /home/UNT/md0708/ROS_DDS_Monitor/build/ros_dds_monitor/build install --record /home/UNT/md0708/ROS_DDS_Monitor/build/ros_dds_monitor/install.log --single-version-externally-managed
[2.432s] Level 1:colcon.colcon_core.environment:checking '/home/UNT/md0708/ROS_DDS_Monitor/install/ros_dds_monitor' for CMake module files
[2.432s] Level 1:colcon.colcon_core.environment:checking '/home/UNT/md0708/ROS_DDS_Monitor/install/ros_dds_monitor' for CMake config files
[2.432s] Level 1:colcon.colcon_core.environment:checking '/home/UNT/md0708/ROS_DDS_Monitor/install/ros_dds_monitor/lib'
[2.432s] Level 1:colcon.colcon_core.environment:checking '/home/UNT/md0708/ROS_DDS_Monitor/install/ros_dds_monitor/bin'
[2.433s] Level 1:colcon.colcon_core.environment:checking '/home/UNT/md0708/ROS_DDS_Monitor/install/ros_dds_monitor/lib/pkgconfig/ros_dds_monitor.pc'
[2.433s] Level 1:colcon.colcon_core.environment:checking '/home/UNT/md0708/ROS_DDS_Monitor/install/ros_dds_monitor/lib/python3.10/site-packages'
[2.433s] Level 1:colcon.colcon_core.shell:create_environment_hook('ros_dds_monitor', 'pythonpath')
[2.443s] INFO:colcon.colcon_core.shell:Creating environment hook '/home/UNT/md0708/ROS_DDS_Monitor/install/ros_dds_monitor/share/ros_dds_monitor/hook/pythonpath.ps1'
[2.444s] INFO:colcon.colcon_core.shell:Creating environment descriptor '/home/UNT/md0708/ROS_DDS_Monitor/install/ros_dds_monitor/share/ros_dds_monitor/hook/pythonpath.dsv'
[2.444s] INFO:colcon.colcon_core.shell:Creating environment hook '/home/UNT/md0708/ROS_DDS_Monitor/install/ros_dds_monitor/share/ros_dds_monitor/hook/pythonpath.sh'
[2.444s] Level 1:colcon.colcon_core.environment:checking '/home/UNT/md0708/ROS_DDS_Monitor/install/ros_dds_monitor/bin'
[2.444s] Level 1:colcon.colcon_core.environment:create_environment_scripts_only(ros_dds_monitor)
[2.455s] INFO:colcon.colcon_core.shell:Creating package script '/home/UNT/md0708/ROS_DDS_Monitor/install/ros_dds_monitor/share/ros_dds_monitor/package.ps1'
[2.456s] INFO:colcon.colcon_core.shell:Creating package descriptor '/home/UNT/md0708/ROS_DDS_Monitor/install/ros_dds_monitor/share/ros_dds_monitor/package.dsv'
[2.456s] INFO:colcon.colcon_core.shell:Creating package script '/home/UNT/md0708/ROS_DDS_Monitor/install/ros_dds_monitor/share/ros_dds_monitor/package.sh'
[2.456s] INFO:colcon.colcon_core.shell:Creating package script '/home/UNT/md0708/ROS_DDS_Monitor/install/ros_dds_monitor/share/ros_dds_monitor/package.bash'
[2.457s] INFO:colcon.colcon_core.shell:Creating package script '/home/UNT/md0708/ROS_DDS_Monitor/install/ros_dds_monitor/share/ros_dds_monitor/package.zsh'
[2.457s] Level 1:colcon.colcon_core.environment:create_file_with_runtime_dependencies(/home/UNT/md0708/ROS_DDS_Monitor/install/ros_dds_monitor/share/colcon-core/packages/ros_dds_monitor)
[2.457s] DEBUG:colcon.colcon_parallel_executor.executor.parallel:closing loop
[2.458s] DEBUG:colcon.colcon_parallel_executor.executor.parallel:loop closed
[2.458s] DEBUG:colcon.colcon_parallel_executor.executor.parallel:run_until_complete finished with '0'
[2.458s] DEBUG:colcon.colcon_core.event_reactor:joining thread
[2.488s] INFO:colcon.colcon_core.plugin_system:Skipping extension 'colcon_notification.desktop_notification.terminal_notifier': Not used on non-Darwin systems
[2.488s] INFO:colcon.colcon_core.plugin_system:Skipping extension 'colcon_notification.desktop_notification.win32': Not used on non-Windows systems
[2.488s] INFO:colcon.colcon_notification.desktop_notification:Sending desktop notification using 'notify2'
[2.500s] DEBUG:colcon.colcon_core.event_reactor:joined thread
[2.511s] INFO:colcon.colcon_core.shell:Creating prefix script '/home/UNT/md0708/ROS_DDS_Monitor/install/local_setup.ps1'
[2.511s] INFO:colcon.colcon_core.shell:Creating prefix util module '/home/UNT/md0708/ROS_DDS_Monitor/install/_local_setup_util_ps1.py'
[2.512s] INFO:colcon.colcon_core.shell:Creating prefix chain script '/home/UNT/md0708/ROS_DDS_Monitor/install/setup.ps1'
[2.523s] INFO:colcon.colcon_core.shell:Creating prefix script '/home/UNT/md0708/ROS_DDS_Monitor/install/local_setup.sh'
[2.524s] INFO:colcon.colcon_core.shell:Creating prefix util module '/home/UNT/md0708/ROS_DDS_Monitor/install/_local_setup_util_sh.py'
[2.524s] INFO:colcon.colcon_core.shell:Creating prefix chain script '/home/UNT/md0708/ROS_DDS_Monitor/install/setup.sh'
[2.535s] INFO:colcon.colcon_core.shell:Creating prefix script '/home/UNT/md0708/ROS_DDS_Monitor/install/local_setup.bash'
[2.535s] INFO:colcon.colcon_core.shell:Creating prefix chain script '/home/UNT/md0708/ROS_DDS_Monitor/install/setup.bash'
[2.546s] INFO:colcon.colcon_core.shell:Creating prefix script '/home/UNT/md0708/ROS_DDS_Monitor/install/local_setup.zsh'
[2.547s] INFO:colcon.colcon_core.shell:Creating prefix chain script '/home/UNT/md0708/ROS_DDS_Monitor/install/setup.zsh'
