[1.034s] Invoking command in '/home/UNT/md0708/ROS_DDS_Monitor/src/ros_dds_monitor': PYTHONPATH=/home/UNT/md0708/ROS_DDS_Monitor/build/ros_dds_monitor/prefix_override:/home/UNT/md0708/ROS_DDS_Monitor/install/ros_dds_monitor/lib/python3.10/site-packages:${PYTHONPATH} /usr/bin/python3 setup.py egg_info --egg-base ../../build/ros_dds_monitor build --build-base /home/UNT/md0708/ROS_DDS_Monitor/build/ros_dds_monitor/build install --record /home/UNT/md0708/ROS_DDS_Monitor/build/ros_dds_monitor/install.log --single-version-externally-managed
[1.405s] running egg_info
[1.406s] writing ../../build/ros_dds_monitor/ros_dds_monitor.egg-info/PKG-INFO
[1.406s] writing dependency_links to ../../build/ros_dds_monitor/ros_dds_monitor.egg-info/dependency_links.txt
[1.406s] writing entry points to ../../build/ros_dds_monitor/ros_dds_monitor.egg-info/entry_points.txt
[1.407s] writing requirements to ../../build/ros_dds_monitor/ros_dds_monitor.egg-info/requires.txt
[1.407s] writing top-level names to ../../build/ros_dds_monitor/ros_dds_monitor.egg-info/top_level.txt
[1.409s] reading manifest file '../../build/ros_dds_monitor/ros_dds_monitor.egg-info/SOURCES.txt'
[1.411s] writing manifest file '../../build/ros_dds_monitor/ros_dds_monitor.egg-info/SOURCES.txt'
[1.411s] running build
[1.411s] running build_py
[1.412s] running install
[1.412s] /usr/lib/python3/dist-packages/setuptools/command/install.py:34: SetuptoolsDeprecationWarning: setup.py install is deprecated. Use build and pip and other standards-based tools.
[1.412s]   warnings.warn(
[1.412s] running install_lib
[1.414s] running install_data
[1.414s] running install_egg_info
[1.417s] removing '/home/UNT/md0708/ROS_DDS_Monitor/install/ros_dds_monitor/lib/python3.10/site-packages/ros_dds_monitor-0.0.1-py3.10.egg-info' (and everything under it)
[1.417s] Copying ../../build/ros_dds_monitor/ros_dds_monitor.egg-info to /home/UNT/md0708/ROS_DDS_Monitor/install/ros_dds_monitor/lib/python3.10/site-packages/ros_dds_monitor-0.0.1-py3.10.egg-info
[1.418s] running install_scripts
[1.447s] Installing listener script to /home/UNT/md0708/ROS_DDS_Monitor/install/ros_dds_monitor/lib/ros_dds_monitor
[1.447s] Installing talker script to /home/UNT/md0708/ROS_DDS_Monitor/install/ros_dds_monitor/lib/ros_dds_monitor
[1.448s] writing list of installed files to '/home/UNT/md0708/ROS_DDS_Monitor/build/ros_dds_monitor/install.log'
[1.476s] Invoked command in '/home/UNT/md0708/ROS_DDS_Monitor/src/ros_dds_monitor' returned '0': PYTHONPATH=/home/UNT/md0708/ROS_DDS_Monitor/build/ros_dds_monitor/prefix_override:/home/UNT/md0708/ROS_DDS_Monitor/install/ros_dds_monitor/lib/python3.10/site-packages:${PYTHONPATH} /usr/bin/python3 setup.py egg_info --egg-base ../../build/ros_dds_monitor build --build-base /home/UNT/md0708/ROS_DDS_Monitor/build/ros_dds_monitor/build install --record /home/UNT/md0708/ROS_DDS_Monitor/build/ros_dds_monitor/install.log --single-version-externally-managed
