running egg_info
writing ../../build/ros_dds_monitor/ros_dds_monitor.egg-info/PKG-INFO
writing dependency_links to ../../build/ros_dds_monitor/ros_dds_monitor.egg-info/dependency_links.txt
writing entry points to ../../build/ros_dds_monitor/ros_dds_monitor.egg-info/entry_points.txt
writing requirements to ../../build/ros_dds_monitor/ros_dds_monitor.egg-info/requires.txt
writing top-level names to ../../build/ros_dds_monitor/ros_dds_monitor.egg-info/top_level.txt
reading manifest file '../../build/ros_dds_monitor/ros_dds_monitor.egg-info/SOURCES.txt'
writing manifest file '../../build/ros_dds_monitor/ros_dds_monitor.egg-info/SOURCES.txt'
running build
running build_py
copying ros_dds_monitor/publisher_member_function.py -> /home/UNT/md0708/ROS_DDS_Monitor/build/ros_dds_monitor/build/lib/ros_dds_monitor
running install
running install_lib
/usr/lib/python3/dist-packages/setuptools/command/install.py:34: SetuptoolsDeprecationWarning: setup.py install is deprecated. Use build and pip and other standards-based tools.
  warnings.warn(
copying /home/UNT/md0708/ROS_DDS_Monitor/build/ros_dds_monitor/build/lib/ros_dds_monitor/publisher_member_function.py -> /home/UNT/md0708/ROS_DDS_Monitor/install/ros_dds_monitor/lib/python3.10/site-packages/ros_dds_monitor
byte-compiling /home/UNT/md0708/ROS_DDS_Monitor/install/ros_dds_monitor/lib/python3.10/site-packages/ros_dds_monitor/publisher_member_function.py to publisher_member_function.cpython-310.pyc
running install_data
running install_egg_info
removing '/home/UNT/md0708/ROS_DDS_Monitor/install/ros_dds_monitor/lib/python3.10/site-packages/ros_dds_monitor-0.0.1-py3.10.egg-info' (and everything under it)
Copying ../../build/ros_dds_monitor/ros_dds_monitor.egg-info to /home/UNT/md0708/ROS_DDS_Monitor/install/ros_dds_monitor/lib/python3.10/site-packages/ros_dds_monitor-0.0.1-py3.10.egg-info
running install_scripts
Installing talker script to /home/UNT/md0708/ROS_DDS_Monitor/install/ros_dds_monitor/lib/ros_dds_monitor
writing list of installed files to '/home/UNT/md0708/ROS_DDS_Monitor/build/ros_dds_monitor/install.log'
