[0.811s] Invoking command in '/home/UNT/md0708/ROS_DDS_Monitor/src/ros_dds_monitor': PYTHONPATH=/home/UNT/md0708/ROS_DDS_Monitor/build/ros_dds_monitor/prefix_override:/home/UNT/md0708/ROS_DDS_Monitor/install/ros_dds_monitor/lib/python3.10/site-packages:${PYTHONPATH} /usr/bin/python3 setup.py egg_info --egg-base ../../build/ros_dds_monitor build --build-base /home/UNT/md0708/ROS_DDS_Monitor/build/ros_dds_monitor/build install --record /home/UNT/md0708/ROS_DDS_Monitor/build/ros_dds_monitor/install.log --single-version-externally-managed
[0.991s] running egg_info
[0.991s] writing ../../build/ros_dds_monitor/ros_dds_monitor.egg-info/PKG-INFO
[0.991s] writing dependency_links to ../../build/ros_dds_monitor/ros_dds_monitor.egg-info/dependency_links.txt
[0.991s] writing entry points to ../../build/ros_dds_monitor/ros_dds_monitor.egg-info/entry_points.txt
[0.991s] writing requirements to ../../build/ros_dds_monitor/ros_dds_monitor.egg-info/requires.txt
[0.992s] writing top-level names to ../../build/ros_dds_monitor/ros_dds_monitor.egg-info/top_level.txt
[0.993s] reading manifest file '../../build/ros_dds_monitor/ros_dds_monitor.egg-info/SOURCES.txt'
[0.994s] writing manifest file '../../build/ros_dds_monitor/ros_dds_monitor.egg-info/SOURCES.txt'
[0.994s] running build
[0.994s] running build_py
[0.995s] copying ros_dds_monitor/publisher_member_function.py -> /home/UNT/md0708/ROS_DDS_Monitor/build/ros_dds_monitor/build/lib/ros_dds_monitor
[0.995s] running install
[0.995s] running install_lib
[0.995s] /usr/lib/python3/dist-packages/setuptools/command/install.py:34: SetuptoolsDeprecationWarning: setup.py install is deprecated. Use build and pip and other standards-based tools.
[0.995s]   warnings.warn(
[0.995s] copying /home/UNT/md0708/ROS_DDS_Monitor/build/ros_dds_monitor/build/lib/ros_dds_monitor/publisher_member_function.py -> /home/UNT/md0708/ROS_DDS_Monitor/install/ros_dds_monitor/lib/python3.10/site-packages/ros_dds_monitor
[0.995s] byte-compiling /home/UNT/md0708/ROS_DDS_Monitor/install/ros_dds_monitor/lib/python3.10/site-packages/ros_dds_monitor/publisher_member_function.py to publisher_member_function.cpython-310.pyc
[0.996s] running install_data
[0.996s] running install_egg_info
[0.998s] removing '/home/UNT/md0708/ROS_DDS_Monitor/install/ros_dds_monitor/lib/python3.10/site-packages/ros_dds_monitor-0.0.1-py3.10.egg-info' (and everything under it)
[0.998s] Copying ../../build/ros_dds_monitor/ros_dds_monitor.egg-info to /home/UNT/md0708/ROS_DDS_Monitor/install/ros_dds_monitor/lib/python3.10/site-packages/ros_dds_monitor-0.0.1-py3.10.egg-info
[0.998s] running install_scripts
[1.014s] Installing talker script to /home/UNT/md0708/ROS_DDS_Monitor/install/ros_dds_monitor/lib/ros_dds_monitor
[1.014s] writing list of installed files to '/home/UNT/md0708/ROS_DDS_Monitor/build/ros_dds_monitor/install.log'
[1.031s] Invoked command in '/home/UNT/md0708/ROS_DDS_Monitor/src/ros_dds_monitor' returned '0': PYTHONPATH=/home/UNT/md0708/ROS_DDS_Monitor/build/ros_dds_monitor/prefix_override:/home/UNT/md0708/ROS_DDS_Monitor/install/ros_dds_monitor/lib/python3.10/site-packages:${PYTHONPATH} /usr/bin/python3 setup.py egg_info --egg-base ../../build/ros_dds_monitor build --build-base /home/UNT/md0708/ROS_DDS_Monitor/build/ros_dds_monitor/build install --record /home/UNT/md0708/ROS_DDS_Monitor/build/ros_dds_monitor/install.log --single-version-externally-managed
