[0.772s] Invoking command in '/home/UNT/md0708/ROS_DDS_Monitor/src/ros_dds_monitor': PYTHONPATH=/home/UNT/md0708/ROS_DDS_Monitor/build/ros_dds_monitor/prefix_override:/home/UNT/md0708/ROS_DDS_Monitor/install/ros_dds_monitor/lib/python3.10/site-packages:${PYTHONPATH} /usr/bin/python3 setup.py egg_info --egg-base ../../build/ros_dds_monitor build --build-base /home/UNT/md0708/ROS_DDS_Monitor/build/ros_dds_monitor/build install --record /home/UNT/md0708/ROS_DDS_Monitor/build/ros_dds_monitor/install.log --single-version-externally-managed
[1.116s] running egg_info
[1.117s] writing ../../build/ros_dds_monitor/ros_dds_monitor.egg-info/PKG-INFO
[1.117s] writing dependency_links to ../../build/ros_dds_monitor/ros_dds_monitor.egg-info/dependency_links.txt
[1.117s] writing entry points to ../../build/ros_dds_monitor/ros_dds_monitor.egg-info/entry_points.txt
[1.117s] writing requirements to ../../build/ros_dds_monitor/ros_dds_monitor.egg-info/requires.txt
[1.118s] writing top-level names to ../../build/ros_dds_monitor/ros_dds_monitor.egg-info/top_level.txt
[1.120s] reading manifest file '../../build/ros_dds_monitor/ros_dds_monitor.egg-info/SOURCES.txt'
[1.122s] writing manifest file '../../build/ros_dds_monitor/ros_dds_monitor.egg-info/SOURCES.txt'
[1.122s] running build
[1.122s] running build_py
[1.122s] copying ros_dds_monitor/subscriber_member_function.py -> /home/UNT/md0708/ROS_DDS_Monitor/build/ros_dds_monitor/build/lib/ros_dds_monitor
[1.122s] copying ros_dds_monitor/publisher_member_function.py -> /home/UNT/md0708/ROS_DDS_Monitor/build/ros_dds_monitor/build/lib/ros_dds_monitor
[1.123s] running install
[1.123s] /usr/lib/python3/dist-packages/setuptools/command/install.py:34: SetuptoolsDeprecationWarning: setup.py install is deprecated. Use build and pip and other standards-based tools.
[1.123s]   warnings.warn(
[1.123s] running install_lib
[1.124s] copying /home/UNT/md0708/ROS_DDS_Monitor/build/ros_dds_monitor/build/lib/ros_dds_monitor/subscriber_member_function.py -> /home/UNT/md0708/ROS_DDS_Monitor/install/ros_dds_monitor/lib/python3.10/site-packages/ros_dds_monitor
[1.124s] copying /home/UNT/md0708/ROS_DDS_Monitor/build/ros_dds_monitor/build/lib/ros_dds_monitor/publisher_member_function.py -> /home/UNT/md0708/ROS_DDS_Monitor/install/ros_dds_monitor/lib/python3.10/site-packages/ros_dds_monitor
[1.125s] byte-compiling /home/UNT/md0708/ROS_DDS_Monitor/install/ros_dds_monitor/lib/python3.10/site-packages/ros_dds_monitor/subscriber_member_function.py to subscriber_member_function.cpython-310.pyc
[1.125s] byte-compiling /home/UNT/md0708/ROS_DDS_Monitor/install/ros_dds_monitor/lib/python3.10/site-packages/ros_dds_monitor/publisher_member_function.py to publisher_member_function.cpython-310.pyc
[1.126s] running install_data
[1.126s] copying package.xml -> /home/UNT/md0708/ROS_DDS_Monitor/install/ros_dds_monitor/share/ros_dds_monitor
[1.127s] running install_egg_info
[1.129s] Copying ../../build/ros_dds_monitor/ros_dds_monitor.egg-info to /home/UNT/md0708/ROS_DDS_Monitor/install/ros_dds_monitor/lib/python3.10/site-packages/ros_dds_monitor-0.0.1-py3.10.egg-info
[1.130s] running install_scripts
[1.156s] Installing talker script to /home/UNT/md0708/ROS_DDS_Monitor/install/ros_dds_monitor/lib/ros_dds_monitor
[1.157s] writing list of installed files to '/home/UNT/md0708/ROS_DDS_Monitor/build/ros_dds_monitor/install.log'
[1.182s] Invoked command in '/home/UNT/md0708/ROS_DDS_Monitor/src/ros_dds_monitor' returned '0': PYTHONPATH=/home/UNT/md0708/ROS_DDS_Monitor/build/ros_dds_monitor/prefix_override:/home/UNT/md0708/ROS_DDS_Monitor/install/ros_dds_monitor/lib/python3.10/site-packages:${PYTHONPATH} /usr/bin/python3 setup.py egg_info --egg-base ../../build/ros_dds_monitor build --build-base /home/UNT/md0708/ROS_DDS_Monitor/build/ros_dds_monitor/build install --record /home/UNT/md0708/ROS_DDS_Monitor/build/ros_dds_monitor/install.log --single-version-externally-managed
